2023-02-28 13:31:18.616  INFO 2984 --- [restartedMain] com.example.demo.DemoApplication         : Starting DemoApplication using Java 11.0.12 on PELT-DAR-SD27 with PID 2984 (C:\Users\ferhi.mohamedfouaz\Documents\workspace-spring-tool-suite-4-4.4.1.RELEASE\demo\target\classes started by ferhi.mohamedfouaz in C:\Users\ferhi.mohamedfouaz\Documents\workspace-spring-tool-suite-4-4.4.1.RELEASE\demo)
2023-02-28 13:31:18.626  INFO 2984 --- [restartedMain] com.example.demo.DemoApplication         : No active profile set, falling back to 1 default profile: "default"
2023-02-28 13:31:18.661  INFO 2984 --- [restartedMain] .e.DevToolsPropertyDefaultsPostProcessor : Devtools property defaults active! Set 'spring.devtools.add-properties' to 'false' to disable
2023-02-28 13:31:18.661  INFO 2984 --- [restartedMain] .e.DevToolsPropertyDefaultsPostProcessor : For additional web related logging consider setting the 'logging.level.web' property to 'DEBUG'
2023-02-28 13:31:19.508  INFO 2984 --- [restartedMain] .s.d.r.c.RepositoryConfigurationDelegate : Bootstrapping Spring Data JPA repositories in DEFAULT mode.
2023-02-28 13:31:19.553  INFO 2984 --- [restartedMain] .s.d.r.c.RepositoryConfigurationDelegate : Finished Spring Data repository scanning in 39 ms. Found 1 JPA repository interfaces.
2023-02-28 13:31:20.087  INFO 2984 --- [restartedMain] o.s.b.w.embedded.tomcat.TomcatWebServer  : Tomcat initialized with port(s): 8080 (http)
2023-02-28 13:31:20.098  INFO 2984 --- [restartedMain] o.apache.catalina.core.StandardService   : Starting service [Tomcat]
2023-02-28 13:31:20.098  INFO 2984 --- [restartedMain] org.apache.catalina.core.StandardEngine  : Starting Servlet engine: [Apache Tomcat/9.0.71]
2023-02-28 13:31:20.220  INFO 2984 --- [restartedMain] o.a.c.c.C.[Tomcat].[localhost].[/]       : Initializing Spring embedded WebApplicationContext
2023-02-28 13:31:20.220  INFO 2984 --- [restartedMain] w.s.c.ServletWebServerApplicationContext : Root WebApplicationContext: initialization completed in 1554 ms
2023-02-28 13:31:20.435  INFO 2984 --- [restartedMain] o.hibernate.jpa.internal.util.LogHelper  : HHH000204: Processing PersistenceUnitInfo [name: default]
2023-02-28 13:31:20.486  INFO 2984 --- [restartedMain] org.hibernate.Version                    : HHH000412: Hibernate ORM core version 5.6.14.Final
2023-02-28 13:31:20.631  INFO 2984 --- [restartedMain] o.hibernate.annotations.common.Version   : HCANN000001: Hibernate Commons Annotations {5.1.2.Final}
2023-02-28 13:31:20.717  INFO 2984 --- [restartedMain] com.zaxxer.hikari.HikariDataSource       : HikariPool-1 - Starting...
2023-02-28 13:31:20.860  INFO 2984 --- [restartedMain] com.zaxxer.hikari.HikariDataSource       : HikariPool-1 - Start completed.
2023-02-28 13:31:20.878  INFO 2984 --- [restartedMain] org.hibernate.dialect.Dialect            : HHH000400: Using dialect: org.hibernate.dialect.PostgreSQLDialect
2023-02-28 13:31:21.358  WARN 2984 --- [restartedMain] o.h.engine.jdbc.spi.SqlExceptionHelper   : SQL Warning Code: 0, SQLState: 00000
2023-02-28 13:31:21.358  WARN 2984 --- [restartedMain] o.h.engine.jdbc.spi.SqlExceptionHelper   : la table « student » n'existe pas, poursuite du traitement
2023-02-28 13:31:21.358  WARN 2984 --- [restartedMain] o.h.engine.jdbc.spi.SqlExceptionHelper   : SQL Warning Code: 0, SQLState: 00000
2023-02-28 13:31:21.358  WARN 2984 --- [restartedMain] o.h.engine.jdbc.spi.SqlExceptionHelper   : la séquence « student_sequence » n'existe pas, poursuite du traitement
2023-02-28 13:31:21.398  INFO 2984 --- [restartedMain] o.h.e.t.j.p.i.JtaPlatformInitiator       : HHH000490: Using JtaPlatform implementation: [org.hibernate.engine.transaction.jta.platform.internal.NoJtaPlatform]
2023-02-28 13:31:21.403  INFO 2984 --- [restartedMain] j.LocalContainerEntityManagerFactoryBean : Initialized JPA EntityManagerFactory for persistence unit 'default'
2023-02-28 13:31:21.854  WARN 2984 --- [restartedMain] JpaBaseConfiguration$JpaWebConfiguration : spring.jpa.open-in-view is enabled by default. Therefore, database queries may be performed during view rendering. Explicitly configure spring.jpa.open-in-view to disable this warning
2023-02-28 13:31:22.009  INFO 2984 --- [restartedMain] o.s.b.a.e.web.EndpointLinksResolver      : Exposing 14 endpoint(s) beneath base path '/actuator'
2023-02-28 13:31:22.059  INFO 2984 --- [restartedMain] pertySourcedRequestMappingHandlerMapping : Mapped URL path [/v2/api-docs] onto method [springfox.documentation.swagger2.web.Swagger2Controller#getDocumentation(String, HttpServletRequest)]
2023-02-28 13:31:22.153  INFO 2984 --- [restartedMain] o.s.b.d.a.OptionalLiveReloadServer       : LiveReload server is running on port 35729
2023-02-28 13:31:22.308  WARN 2984 --- [restartedMain] ConfigServletWebServerApplicationContext : Exception encountered during context initialization - cancelling refresh attempt: org.springframework.context.ApplicationContextException: Failed to start bean 'webServerStartStop'; nested exception is org.springframework.boot.web.server.PortInUseException: Port 8080 is already in use
2023-02-28 13:31:22.313  INFO 2984 --- [restartedMain] j.LocalContainerEntityManagerFactoryBean : Closing JPA EntityManagerFactory for persistence unit 'default'
2023-02-28 13:31:22.313  INFO 2984 --- [restartedMain] .SchemaDropperImpl$DelayedDropActionImpl : HHH000477: Starting delayed evictData of schema as part of SessionFactory shut-down'
2023-02-28 13:31:22.328  INFO 2984 --- [restartedMain] com.zaxxer.hikari.HikariDataSource       : HikariPool-1 - Shutdown initiated...
2023-02-28 13:31:22.338  INFO 2984 --- [restartedMain] com.zaxxer.hikari.HikariDataSource       : HikariPool-1 - Shutdown completed.
2023-02-28 13:31:22.338  INFO 2984 --- [restartedMain] o.apache.catalina.core.StandardService   : Stopping service [Tomcat]
2023-02-28 13:31:22.353  INFO 2984 --- [restartedMain] ConditionEvaluationReportLoggingListener : 

Error starting ApplicationContext. To display the conditions report re-run your application with 'debug' enabled.
2023-02-28 13:31:22.368 ERROR 2984 --- [restartedMain] o.s.b.d.LoggingFailureAnalysisReporter   : 

***************************
APPLICATION FAILED TO START
***************************

Description:

Web server failed to start. Port 8080 was already in use.

Action:

Identify and stop the process that's listening on port 8080 or configure this application to listen on another port.

2023-02-28 13:32:44.571  INFO 16932 --- [restartedMain] com.example.demo.DemoApplication         : Starting DemoApplication using Java 11.0.12 on PELT-DAR-SD27 with PID 16932 (C:\Users\ferhi.mohamedfouaz\Documents\workspace-spring-tool-suite-4-4.4.1.RELEASE\demo\target\classes started by ferhi.mohamedfouaz in C:\Users\ferhi.mohamedfouaz\Documents\workspace-spring-tool-suite-4-4.4.1.RELEASE\demo)
2023-02-28 13:32:44.573  INFO 16932 --- [restartedMain] com.example.demo.DemoApplication         : No active profile set, falling back to 1 default profile: "default"
2023-02-28 13:32:44.606  INFO 16932 --- [restartedMain] .e.DevToolsPropertyDefaultsPostProcessor : Devtools property defaults active! Set 'spring.devtools.add-properties' to 'false' to disable
2023-02-28 13:32:44.606  INFO 16932 --- [restartedMain] .e.DevToolsPropertyDefaultsPostProcessor : For additional web related logging consider setting the 'logging.level.web' property to 'DEBUG'
2023-02-28 13:32:45.356  INFO 16932 --- [restartedMain] .s.d.r.c.RepositoryConfigurationDelegate : Bootstrapping Spring Data JPA repositories in DEFAULT mode.
2023-02-28 13:32:45.393  INFO 16932 --- [restartedMain] .s.d.r.c.RepositoryConfigurationDelegate : Finished Spring Data repository scanning in 30 ms. Found 1 JPA repository interfaces.
2023-02-28 13:32:45.838  INFO 16932 --- [restartedMain] o.s.b.w.embedded.tomcat.TomcatWebServer  : Tomcat initialized with port(s): 8080 (http)
2023-02-28 13:32:45.846  INFO 16932 --- [restartedMain] o.apache.catalina.core.StandardService   : Starting service [Tomcat]
2023-02-28 13:32:45.846  INFO 16932 --- [restartedMain] org.apache.catalina.core.StandardEngine  : Starting Servlet engine: [Apache Tomcat/9.0.71]
2023-02-28 13:32:45.952  INFO 16932 --- [restartedMain] o.a.c.c.C.[Tomcat].[localhost].[/]       : Initializing Spring embedded WebApplicationContext
2023-02-28 13:32:45.952  INFO 16932 --- [restartedMain] w.s.c.ServletWebServerApplicationContext : Root WebApplicationContext: initialization completed in 1346 ms
2023-02-28 13:32:46.146  INFO 16932 --- [restartedMain] o.hibernate.jpa.internal.util.LogHelper  : HHH000204: Processing PersistenceUnitInfo [name: default]
2023-02-28 13:32:46.182  INFO 16932 --- [restartedMain] org.hibernate.Version                    : HHH000412: Hibernate ORM core version 5.6.14.Final
2023-02-28 13:32:46.298  INFO 16932 --- [restartedMain] o.hibernate.annotations.common.Version   : HCANN000001: Hibernate Commons Annotations {5.1.2.Final}
2023-02-28 13:32:46.373  INFO 16932 --- [restartedMain] com.zaxxer.hikari.HikariDataSource       : HikariPool-1 - Starting...
2023-02-28 13:32:46.501  INFO 16932 --- [restartedMain] com.zaxxer.hikari.HikariDataSource       : HikariPool-1 - Start completed.
2023-02-28 13:32:46.514  INFO 16932 --- [restartedMain] org.hibernate.dialect.Dialect            : HHH000400: Using dialect: org.hibernate.dialect.PostgreSQLDialect
2023-02-28 13:32:46.914  WARN 16932 --- [restartedMain] o.h.engine.jdbc.spi.SqlExceptionHelper   : SQL Warning Code: 0, SQLState: 00000
2023-02-28 13:32:46.915  WARN 16932 --- [restartedMain] o.h.engine.jdbc.spi.SqlExceptionHelper   : la table « student » n'existe pas, poursuite du traitement
2023-02-28 13:32:46.915  WARN 16932 --- [restartedMain] o.h.engine.jdbc.spi.SqlExceptionHelper   : SQL Warning Code: 0, SQLState: 00000
2023-02-28 13:32:46.915  WARN 16932 --- [restartedMain] o.h.engine.jdbc.spi.SqlExceptionHelper   : la séquence « student_sequence » n'existe pas, poursuite du traitement
2023-02-28 13:32:46.933  INFO 16932 --- [restartedMain] o.h.e.t.j.p.i.JtaPlatformInitiator       : HHH000490: Using JtaPlatform implementation: [org.hibernate.engine.transaction.jta.platform.internal.NoJtaPlatform]
2023-02-28 13:32:46.939  INFO 16932 --- [restartedMain] j.LocalContainerEntityManagerFactoryBean : Initialized JPA EntityManagerFactory for persistence unit 'default'
2023-02-28 13:32:47.374  WARN 16932 --- [restartedMain] JpaBaseConfiguration$JpaWebConfiguration : spring.jpa.open-in-view is enabled by default. Therefore, database queries may be performed during view rendering. Explicitly configure spring.jpa.open-in-view to disable this warning
2023-02-28 13:32:47.523  INFO 16932 --- [restartedMain] o.s.b.a.e.web.EndpointLinksResolver      : Exposing 14 endpoint(s) beneath base path '/actuator'
2023-02-28 13:32:47.573  INFO 16932 --- [restartedMain] pertySourcedRequestMappingHandlerMapping : Mapped URL path [/v2/api-docs] onto method [springfox.documentation.swagger2.web.Swagger2Controller#getDocumentation(String, HttpServletRequest)]
2023-02-28 13:32:47.663  INFO 16932 --- [restartedMain] o.s.b.d.a.OptionalLiveReloadServer       : LiveReload server is running on port 35729
2023-02-28 13:32:47.827  INFO 16932 --- [restartedMain] o.s.b.w.embedded.tomcat.TomcatWebServer  : Tomcat started on port(s): 8080 (http) with context path ''
2023-02-28 13:32:47.828  INFO 16932 --- [restartedMain] d.s.w.p.DocumentationPluginsBootstrapper : Context refreshed
2023-02-28 13:32:47.845  INFO 16932 --- [restartedMain] d.s.w.p.DocumentationPluginsBootstrapper : Found 1 custom documentation plugin(s)
2023-02-28 13:32:47.847  WARN 16932 --- [restartedMain] ConfigServletWebServerApplicationContext : Exception encountered during context initialization - cancelling refresh attempt: org.springframework.context.ApplicationContextException: Failed to start bean 'documentationPluginsBootstrapper'; nested exception is java.lang.NullPointerException
2023-02-28 13:32:47.850  INFO 16932 --- [restartedMain] j.LocalContainerEntityManagerFactoryBean : Closing JPA EntityManagerFactory for persistence unit 'default'
2023-02-28 13:32:47.850  INFO 16932 --- [restartedMain] .SchemaDropperImpl$DelayedDropActionImpl : HHH000477: Starting delayed evictData of schema as part of SessionFactory shut-down'
2023-02-28 13:32:47.860  INFO 16932 --- [restartedMain] com.zaxxer.hikari.HikariDataSource       : HikariPool-1 - Shutdown initiated...
2023-02-28 13:32:47.867  INFO 16932 --- [restartedMain] com.zaxxer.hikari.HikariDataSource       : HikariPool-1 - Shutdown completed.
2023-02-28 13:32:47.921  INFO 16932 --- [restartedMain] o.apache.catalina.core.StandardService   : Stopping service [Tomcat]
2023-02-28 13:32:47.933  INFO 16932 --- [restartedMain] ConditionEvaluationReportLoggingListener : 

Error starting ApplicationContext. To display the conditions report re-run your application with 'debug' enabled.
2023-02-28 13:32:47.950 ERROR 16932 --- [restartedMain] o.s.boot.SpringApplication               : Application run failed

org.springframework.context.ApplicationContextException: Failed to start bean 'documentationPluginsBootstrapper'; nested exception is java.lang.NullPointerException
	at org.springframework.context.support.DefaultLifecycleProcessor.doStart(DefaultLifecycleProcessor.java:181) ~[spring-context-5.3.25.jar:5.3.25]
	at org.springframework.context.support.DefaultLifecycleProcessor.access$200(DefaultLifecycleProcessor.java:54) ~[spring-context-5.3.25.jar:5.3.25]
	at org.springframework.context.support.DefaultLifecycleProcessor$LifecycleGroup.start(DefaultLifecycleProcessor.java:356) ~[spring-context-5.3.25.jar:5.3.25]
	at java.base/java.lang.Iterable.forEach(Iterable.java:75) ~[na:na]
	at org.springframework.context.support.DefaultLifecycleProcessor.startBeans(DefaultLifecycleProcessor.java:155) ~[spring-context-5.3.25.jar:5.3.25]
	at org.springframework.context.support.DefaultLifecycleProcessor.onRefresh(DefaultLifecycleProcessor.java:123) ~[spring-context-5.3.25.jar:5.3.25]
	at org.springframework.context.support.AbstractApplicationContext.finishRefresh(AbstractApplicationContext.java:935) ~[spring-context-5.3.25.jar:5.3.25]
	at org.springframework.context.support.AbstractApplicationContext.refresh(AbstractApplicationContext.java:586) ~[spring-context-5.3.25.jar:5.3.25]
	at org.springframework.boot.web.servlet.context.ServletWebServerApplicationContext.refresh(ServletWebServerApplicationContext.java:147) ~[spring-boot-2.7.8.jar:2.7.8]
	at org.springframework.boot.SpringApplication.refresh(SpringApplication.java:731) ~[spring-boot-2.7.8.jar:2.7.8]
	at org.springframework.boot.SpringApplication.refreshContext(SpringApplication.java:408) ~[spring-boot-2.7.8.jar:2.7.8]
	at org.springframework.boot.SpringApplication.run(SpringApplication.java:307) ~[spring-boot-2.7.8.jar:2.7.8]
	at org.springframework.boot.SpringApplication.run(SpringApplication.java:1303) ~[spring-boot-2.7.8.jar:2.7.8]
	at org.springframework.boot.SpringApplication.run(SpringApplication.java:1292) ~[spring-boot-2.7.8.jar:2.7.8]
	at com.example.demo.DemoApplication.main(DemoApplication.java:14) ~[classes/:na]
	at java.base/jdk.internal.reflect.NativeMethodAccessorImpl.invoke0(Native Method) ~[na:na]
	at java.base/jdk.internal.reflect.NativeMethodAccessorImpl.invoke(NativeMethodAccessorImpl.java:62) ~[na:na]
	at java.base/jdk.internal.reflect.DelegatingMethodAccessorImpl.invoke(DelegatingMethodAccessorImpl.java:43) ~[na:na]
	at java.base/java.lang.reflect.Method.invoke(Method.java:566) ~[na:na]
	at org.springframework.boot.devtools.restart.RestartLauncher.run(RestartLauncher.java:49) ~[spring-boot-devtools-2.7.8.jar:2.7.8]
Caused by: java.lang.NullPointerException: null
	at springfox.documentation.spi.service.contexts.Orderings$8.compare(Orderings.java:112) ~[springfox-spi-2.9.2.jar:null]
	at springfox.documentation.spi.service.contexts.Orderings$8.compare(Orderings.java:109) ~[springfox-spi-2.9.2.jar:null]
	at com.google.common.collect.ComparatorOrdering.compare(ComparatorOrdering.java:37) ~[guava-20.0.jar:na]
	at java.base/java.util.TimSort.countRunAndMakeAscending(TimSort.java:355) ~[na:na]
	at java.base/java.util.TimSort.sort(TimSort.java:234) ~[na:na]
	at java.base/java.util.Arrays.sort(Arrays.java:1441) ~[na:na]
	at com.google.common.collect.Ordering.sortedCopy(Ordering.java:855) ~[guava-20.0.jar:na]
	at springfox.documentation.spring.web.plugins.WebMvcRequestHandlerProvider.requestHandlers(WebMvcRequestHandlerProvider.java:57) ~[springfox-spring-web-2.9.2.jar:null]
	at springfox.documentation.spring.web.plugins.DocumentationPluginsBootstrapper$2.apply(DocumentationPluginsBootstrapper.java:138) ~[springfox-spring-web-2.9.2.jar:null]
	at springfox.documentation.spring.web.plugins.DocumentationPluginsBootstrapper$2.apply(DocumentationPluginsBootstrapper.java:135) ~[springfox-spring-web-2.9.2.jar:null]
	at com.google.common.collect.Iterators$7.transform(Iterators.java:750) ~[guava-20.0.jar:na]
	at com.google.common.collect.TransformedIterator.next(TransformedIterator.java:47) ~[guava-20.0.jar:na]
	at com.google.common.collect.TransformedIterator.next(TransformedIterator.java:47) ~[guava-20.0.jar:na]
	at com.google.common.collect.MultitransformedIterator.hasNext(MultitransformedIterator.java:52) ~[guava-20.0.jar:na]
	at com.google.common.collect.MultitransformedIterator.hasNext(MultitransformedIterator.java:50) ~[guava-20.0.jar:na]
	at com.google.common.collect.ImmutableList.copyOf(ImmutableList.java:249) ~[guava-20.0.jar:na]
	at com.google.common.collect.ImmutableList.copyOf(ImmutableList.java:209) ~[guava-20.0.jar:na]
	at com.google.common.collect.FluentIterable.toList(FluentIterable.java:614) ~[guava-20.0.jar:na]
	at springfox.documentation.spring.web.plugins.DocumentationPluginsBootstrapper.defaultContextBuilder(DocumentationPluginsBootstrapper.java:111) ~[springfox-spring-web-2.9.2.jar:null]
	at springfox.documentation.spring.web.plugins.DocumentationPluginsBootstrapper.buildContext(DocumentationPluginsBootstrapper.java:96) ~[springfox-spring-web-2.9.2.jar:null]
	at springfox.documentation.spring.web.plugins.DocumentationPluginsBootstrapper.start(DocumentationPluginsBootstrapper.java:167) ~[springfox-spring-web-2.9.2.jar:null]
	at org.springframework.context.support.DefaultLifecycleProcessor.doStart(DefaultLifecycleProcessor.java:178) ~[spring-context-5.3.25.jar:5.3.25]
	... 19 common frames omitted

2023-02-28 13:35:09.972  INFO 21172 --- [restartedMain] com.example.demo.DemoApplication         : Starting DemoApplication using Java 11.0.12 on PELT-DAR-SD27 with PID 21172 (C:\Users\ferhi.mohamedfouaz\Documents\workspace-spring-tool-suite-4-4.4.1.RELEASE\demo\target\classes started by ferhi.mohamedfouaz in C:\Users\ferhi.mohamedfouaz\Documents\workspace-spring-tool-suite-4-4.4.1.RELEASE\demo)
2023-02-28 13:35:09.973  INFO 21172 --- [restartedMain] com.example.demo.DemoApplication         : No active profile set, falling back to 1 default profile: "default"
2023-02-28 13:35:10.001  INFO 21172 --- [restartedMain] .e.DevToolsPropertyDefaultsPostProcessor : Devtools property defaults active! Set 'spring.devtools.add-properties' to 'false' to disable
2023-02-28 13:35:10.001  INFO 21172 --- [restartedMain] .e.DevToolsPropertyDefaultsPostProcessor : For additional web related logging consider setting the 'logging.level.web' property to 'DEBUG'
2023-02-28 13:35:10.757  INFO 21172 --- [restartedMain] .s.d.r.c.RepositoryConfigurationDelegate : Bootstrapping Spring Data JPA repositories in DEFAULT mode.
2023-02-28 13:35:10.793  INFO 21172 --- [restartedMain] .s.d.r.c.RepositoryConfigurationDelegate : Finished Spring Data repository scanning in 29 ms. Found 1 JPA repository interfaces.
2023-02-28 13:35:11.244  INFO 21172 --- [restartedMain] o.s.b.w.embedded.tomcat.TomcatWebServer  : Tomcat initialized with port(s): 8080 (http)
2023-02-28 13:35:11.251  INFO 21172 --- [restartedMain] o.apache.catalina.core.StandardService   : Starting service [Tomcat]
2023-02-28 13:35:11.251  INFO 21172 --- [restartedMain] org.apache.catalina.core.StandardEngine  : Starting Servlet engine: [Apache Tomcat/9.0.71]
2023-02-28 13:35:11.356  INFO 21172 --- [restartedMain] o.a.c.c.C.[Tomcat].[localhost].[/]       : Initializing Spring embedded WebApplicationContext
2023-02-28 13:35:11.357  INFO 21172 --- [restartedMain] w.s.c.ServletWebServerApplicationContext : Root WebApplicationContext: initialization completed in 1356 ms
2023-02-28 13:35:11.555  INFO 21172 --- [restartedMain] o.hibernate.jpa.internal.util.LogHelper  : HHH000204: Processing PersistenceUnitInfo [name: default]
2023-02-28 13:35:11.591  INFO 21172 --- [restartedMain] org.hibernate.Version                    : HHH000412: Hibernate ORM core version 5.6.14.Final
2023-02-28 13:35:11.707  INFO 21172 --- [restartedMain] o.hibernate.annotations.common.Version   : HCANN000001: Hibernate Commons Annotations {5.1.2.Final}
2023-02-28 13:35:11.781  INFO 21172 --- [restartedMain] com.zaxxer.hikari.HikariDataSource       : HikariPool-1 - Starting...
2023-02-28 13:35:11.935  INFO 21172 --- [restartedMain] com.zaxxer.hikari.HikariDataSource       : HikariPool-1 - Start completed.
2023-02-28 13:35:11.948  INFO 21172 --- [restartedMain] org.hibernate.dialect.Dialect            : HHH000400: Using dialect: org.hibernate.dialect.PostgreSQLDialect
2023-02-28 13:35:12.348  WARN 21172 --- [restartedMain] o.h.engine.jdbc.spi.SqlExceptionHelper   : SQL Warning Code: 0, SQLState: 00000
2023-02-28 13:35:12.348  WARN 21172 --- [restartedMain] o.h.engine.jdbc.spi.SqlExceptionHelper   : la table « student » n'existe pas, poursuite du traitement
2023-02-28 13:35:12.349  WARN 21172 --- [restartedMain] o.h.engine.jdbc.spi.SqlExceptionHelper   : SQL Warning Code: 0, SQLState: 00000
2023-02-28 13:35:12.349  WARN 21172 --- [restartedMain] o.h.engine.jdbc.spi.SqlExceptionHelper   : la séquence « student_sequence » n'existe pas, poursuite du traitement
2023-02-28 13:35:12.370  INFO 21172 --- [restartedMain] o.h.e.t.j.p.i.JtaPlatformInitiator       : HHH000490: Using JtaPlatform implementation: [org.hibernate.engine.transaction.jta.platform.internal.NoJtaPlatform]
2023-02-28 13:35:12.377  INFO 21172 --- [restartedMain] j.LocalContainerEntityManagerFactoryBean : Initialized JPA EntityManagerFactory for persistence unit 'default'
2023-02-28 13:35:12.798  WARN 21172 --- [restartedMain] JpaBaseConfiguration$JpaWebConfiguration : spring.jpa.open-in-view is enabled by default. Therefore, database queries may be performed during view rendering. Explicitly configure spring.jpa.open-in-view to disable this warning
2023-02-28 13:35:12.943  INFO 21172 --- [restartedMain] o.s.b.a.e.web.EndpointLinksResolver      : Exposing 14 endpoint(s) beneath base path '/actuator'
2023-02-28 13:35:12.992  INFO 21172 --- [restartedMain] pertySourcedRequestMappingHandlerMapping : Mapped URL path [/v2/api-docs] onto method [springfox.documentation.swagger2.web.Swagger2Controller#getDocumentation(String, HttpServletRequest)]
2023-02-28 13:35:13.080  INFO 21172 --- [restartedMain] o.s.b.d.a.OptionalLiveReloadServer       : LiveReload server is running on port 35729
2023-02-28 13:35:13.240  INFO 21172 --- [restartedMain] o.s.b.w.embedded.tomcat.TomcatWebServer  : Tomcat started on port(s): 8080 (http) with context path ''
2023-02-28 13:35:13.241  INFO 21172 --- [restartedMain] d.s.w.p.DocumentationPluginsBootstrapper : Context refreshed
2023-02-28 13:35:13.256  INFO 21172 --- [restartedMain] d.s.w.p.DocumentationPluginsBootstrapper : Found 1 custom documentation plugin(s)
2023-02-28 13:35:13.258  WARN 21172 --- [restartedMain] ConfigServletWebServerApplicationContext : Exception encountered during context initialization - cancelling refresh attempt: org.springframework.context.ApplicationContextException: Failed to start bean 'documentationPluginsBootstrapper'; nested exception is java.lang.NullPointerException
2023-02-28 13:35:13.261  INFO 21172 --- [restartedMain] j.LocalContainerEntityManagerFactoryBean : Closing JPA EntityManagerFactory for persistence unit 'default'
2023-02-28 13:35:13.262  INFO 21172 --- [restartedMain] .SchemaDropperImpl$DelayedDropActionImpl : HHH000477: Starting delayed evictData of schema as part of SessionFactory shut-down'
2023-02-28 13:35:13.271  INFO 21172 --- [restartedMain] com.zaxxer.hikari.HikariDataSource       : HikariPool-1 - Shutdown initiated...
2023-02-28 13:35:13.278  INFO 21172 --- [restartedMain] com.zaxxer.hikari.HikariDataSource       : HikariPool-1 - Shutdown completed.
2023-02-28 13:35:13.334  INFO 21172 --- [restartedMain] o.apache.catalina.core.StandardService   : Stopping service [Tomcat]
2023-02-28 13:35:13.347  INFO 21172 --- [restartedMain] ConditionEvaluationReportLoggingListener : 

Error starting ApplicationContext. To display the conditions report re-run your application with 'debug' enabled.
2023-02-28 13:35:13.366 ERROR 21172 --- [restartedMain] o.s.boot.SpringApplication               : Application run failed

org.springframework.context.ApplicationContextException: Failed to start bean 'documentationPluginsBootstrapper'; nested exception is java.lang.NullPointerException
	at org.springframework.context.support.DefaultLifecycleProcessor.doStart(DefaultLifecycleProcessor.java:181) ~[spring-context-5.3.25.jar:5.3.25]
	at org.springframework.context.support.DefaultLifecycleProcessor.access$200(DefaultLifecycleProcessor.java:54) ~[spring-context-5.3.25.jar:5.3.25]
	at org.springframework.context.support.DefaultLifecycleProcessor$LifecycleGroup.start(DefaultLifecycleProcessor.java:356) ~[spring-context-5.3.25.jar:5.3.25]
	at java.base/java.lang.Iterable.forEach(Iterable.java:75) ~[na:na]
	at org.springframework.context.support.DefaultLifecycleProcessor.startBeans(DefaultLifecycleProcessor.java:155) ~[spring-context-5.3.25.jar:5.3.25]
	at org.springframework.context.support.DefaultLifecycleProcessor.onRefresh(DefaultLifecycleProcessor.java:123) ~[spring-context-5.3.25.jar:5.3.25]
	at org.springframework.context.support.AbstractApplicationContext.finishRefresh(AbstractApplicationContext.java:935) ~[spring-context-5.3.25.jar:5.3.25]
	at org.springframework.context.support.AbstractApplicationContext.refresh(AbstractApplicationContext.java:586) ~[spring-context-5.3.25.jar:5.3.25]
	at org.springframework.boot.web.servlet.context.ServletWebServerApplicationContext.refresh(ServletWebServerApplicationContext.java:147) ~[spring-boot-2.7.8.jar:2.7.8]
	at org.springframework.boot.SpringApplication.refresh(SpringApplication.java:731) ~[spring-boot-2.7.8.jar:2.7.8]
	at org.springframework.boot.SpringApplication.refreshContext(SpringApplication.java:408) ~[spring-boot-2.7.8.jar:2.7.8]
	at org.springframework.boot.SpringApplication.run(SpringApplication.java:307) ~[spring-boot-2.7.8.jar:2.7.8]
	at org.springframework.boot.SpringApplication.run(SpringApplication.java:1303) ~[spring-boot-2.7.8.jar:2.7.8]
	at org.springframework.boot.SpringApplication.run(SpringApplication.java:1292) ~[spring-boot-2.7.8.jar:2.7.8]
	at com.example.demo.DemoApplication.main(DemoApplication.java:14) ~[classes/:na]
	at java.base/jdk.internal.reflect.NativeMethodAccessorImpl.invoke0(Native Method) ~[na:na]
	at java.base/jdk.internal.reflect.NativeMethodAccessorImpl.invoke(NativeMethodAccessorImpl.java:62) ~[na:na]
	at java.base/jdk.internal.reflect.DelegatingMethodAccessorImpl.invoke(DelegatingMethodAccessorImpl.java:43) ~[na:na]
	at java.base/java.lang.reflect.Method.invoke(Method.java:566) ~[na:na]
	at org.springframework.boot.devtools.restart.RestartLauncher.run(RestartLauncher.java:49) ~[spring-boot-devtools-2.7.8.jar:2.7.8]
Caused by: java.lang.NullPointerException: null
	at springfox.documentation.spi.service.contexts.Orderings$8.compare(Orderings.java:112) ~[springfox-spi-2.9.2.jar:null]
	at springfox.documentation.spi.service.contexts.Orderings$8.compare(Orderings.java:109) ~[springfox-spi-2.9.2.jar:null]
	at com.google.common.collect.ComparatorOrdering.compare(ComparatorOrdering.java:37) ~[guava-20.0.jar:na]
	at java.base/java.util.TimSort.countRunAndMakeAscending(TimSort.java:355) ~[na:na]
	at java.base/java.util.TimSort.sort(TimSort.java:234) ~[na:na]
	at java.base/java.util.Arrays.sort(Arrays.java:1441) ~[na:na]
	at com.google.common.collect.Ordering.sortedCopy(Ordering.java:855) ~[guava-20.0.jar:na]
	at springfox.documentation.spring.web.plugins.WebMvcRequestHandlerProvider.requestHandlers(WebMvcRequestHandlerProvider.java:57) ~[springfox-spring-web-2.9.2.jar:null]
	at springfox.documentation.spring.web.plugins.DocumentationPluginsBootstrapper$2.apply(DocumentationPluginsBootstrapper.java:138) ~[springfox-spring-web-2.9.2.jar:null]
	at springfox.documentation.spring.web.plugins.DocumentationPluginsBootstrapper$2.apply(DocumentationPluginsBootstrapper.java:135) ~[springfox-spring-web-2.9.2.jar:null]
	at com.google.common.collect.Iterators$7.transform(Iterators.java:750) ~[guava-20.0.jar:na]
	at com.google.common.collect.TransformedIterator.next(TransformedIterator.java:47) ~[guava-20.0.jar:na]
	at com.google.common.collect.TransformedIterator.next(TransformedIterator.java:47) ~[guava-20.0.jar:na]
	at com.google.common.collect.MultitransformedIterator.hasNext(MultitransformedIterator.java:52) ~[guava-20.0.jar:na]
	at com.google.common.collect.MultitransformedIterator.hasNext(MultitransformedIterator.java:50) ~[guava-20.0.jar:na]
	at com.google.common.collect.ImmutableList.copyOf(ImmutableList.java:249) ~[guava-20.0.jar:na]
	at com.google.common.collect.ImmutableList.copyOf(ImmutableList.java:209) ~[guava-20.0.jar:na]
	at com.google.common.collect.FluentIterable.toList(FluentIterable.java:614) ~[guava-20.0.jar:na]
	at springfox.documentation.spring.web.plugins.DocumentationPluginsBootstrapper.defaultContextBuilder(DocumentationPluginsBootstrapper.java:111) ~[springfox-spring-web-2.9.2.jar:null]
	at springfox.documentation.spring.web.plugins.DocumentationPluginsBootstrapper.buildContext(DocumentationPluginsBootstrapper.java:96) ~[springfox-spring-web-2.9.2.jar:null]
	at springfox.documentation.spring.web.plugins.DocumentationPluginsBootstrapper.start(DocumentationPluginsBootstrapper.java:167) ~[springfox-spring-web-2.9.2.jar:null]
	at org.springframework.context.support.DefaultLifecycleProcessor.doStart(DefaultLifecycleProcessor.java:178) ~[spring-context-5.3.25.jar:5.3.25]
	... 19 common frames omitted

2023-02-28 13:37:11.385  INFO 18316 --- [restartedMain] com.example.demo.DemoApplication         : Starting DemoApplication using Java 11.0.12 on PELT-DAR-SD27 with PID 18316 (C:\Users\ferhi.mohamedfouaz\Documents\workspace-spring-tool-suite-4-4.4.1.RELEASE\demo\target\classes started by ferhi.mohamedfouaz in C:\Users\ferhi.mohamedfouaz\Documents\workspace-spring-tool-suite-4-4.4.1.RELEASE\demo)
2023-02-28 13:37:11.390  INFO 18316 --- [restartedMain] com.example.demo.DemoApplication         : No active profile set, falling back to 1 default profile: "default"
2023-02-28 13:37:11.415  INFO 18316 --- [restartedMain] .e.DevToolsPropertyDefaultsPostProcessor : Devtools property defaults active! Set 'spring.devtools.add-properties' to 'false' to disable
2023-02-28 13:37:11.415  INFO 18316 --- [restartedMain] .e.DevToolsPropertyDefaultsPostProcessor : For additional web related logging consider setting the 'logging.level.web' property to 'DEBUG'
2023-02-28 13:37:12.075  INFO 18316 --- [restartedMain] .s.d.r.c.RepositoryConfigurationDelegate : Bootstrapping Spring Data JPA repositories in DEFAULT mode.
2023-02-28 13:37:12.110  INFO 18316 --- [restartedMain] .s.d.r.c.RepositoryConfigurationDelegate : Finished Spring Data repository scanning in 29 ms. Found 1 JPA repository interfaces.
2023-02-28 13:37:12.593  INFO 18316 --- [restartedMain] o.s.b.w.embedded.tomcat.TomcatWebServer  : Tomcat initialized with port(s): 8080 (http)
2023-02-28 13:37:12.602  INFO 18316 --- [restartedMain] o.apache.catalina.core.StandardService   : Starting service [Tomcat]
2023-02-28 13:37:12.602  INFO 18316 --- [restartedMain] org.apache.catalina.core.StandardEngine  : Starting Servlet engine: [Apache Tomcat/9.0.71]
2023-02-28 13:37:12.743  INFO 18316 --- [restartedMain] o.a.c.c.C.[Tomcat].[localhost].[/]       : Initializing Spring embedded WebApplicationContext
2023-02-28 13:37:12.743  INFO 18316 --- [restartedMain] w.s.c.ServletWebServerApplicationContext : Root WebApplicationContext: initialization completed in 1328 ms
2023-02-28 13:37:12.953  INFO 18316 --- [restartedMain] o.hibernate.jpa.internal.util.LogHelper  : HHH000204: Processing PersistenceUnitInfo [name: default]
2023-02-28 13:37:12.989  INFO 18316 --- [restartedMain] org.hibernate.Version                    : HHH000412: Hibernate ORM core version 5.6.14.Final
2023-02-28 13:37:13.109  INFO 18316 --- [restartedMain] o.hibernate.annotations.common.Version   : HCANN000001: Hibernate Commons Annotations {5.1.2.Final}
2023-02-28 13:37:13.182  INFO 18316 --- [restartedMain] com.zaxxer.hikari.HikariDataSource       : HikariPool-1 - Starting...
2023-02-28 13:37:13.310  INFO 18316 --- [restartedMain] com.zaxxer.hikari.HikariDataSource       : HikariPool-1 - Start completed.
2023-02-28 13:37:13.323  INFO 18316 --- [restartedMain] org.hibernate.dialect.Dialect            : HHH000400: Using dialect: org.hibernate.dialect.PostgreSQLDialect
2023-02-28 13:37:13.739  WARN 18316 --- [restartedMain] o.h.engine.jdbc.spi.SqlExceptionHelper   : SQL Warning Code: 0, SQLState: 00000
2023-02-28 13:37:13.739  WARN 18316 --- [restartedMain] o.h.engine.jdbc.spi.SqlExceptionHelper   : la table « student » n'existe pas, poursuite du traitement
2023-02-28 13:37:13.740  WARN 18316 --- [restartedMain] o.h.engine.jdbc.spi.SqlExceptionHelper   : SQL Warning Code: 0, SQLState: 00000
2023-02-28 13:37:13.740  WARN 18316 --- [restartedMain] o.h.engine.jdbc.spi.SqlExceptionHelper   : la séquence « student_sequence » n'existe pas, poursuite du traitement
2023-02-28 13:37:13.758  INFO 18316 --- [restartedMain] o.h.e.t.j.p.i.JtaPlatformInitiator       : HHH000490: Using JtaPlatform implementation: [org.hibernate.engine.transaction.jta.platform.internal.NoJtaPlatform]
2023-02-28 13:37:13.764  INFO 18316 --- [restartedMain] j.LocalContainerEntityManagerFactoryBean : Initialized JPA EntityManagerFactory for persistence unit 'default'
2023-02-28 13:37:14.133  WARN 18316 --- [restartedMain] JpaBaseConfiguration$JpaWebConfiguration : spring.jpa.open-in-view is enabled by default. Therefore, database queries may be performed during view rendering. Explicitly configure spring.jpa.open-in-view to disable this warning
2023-02-28 13:37:14.467  INFO 18316 --- [restartedMain] o.s.b.d.a.OptionalLiveReloadServer       : LiveReload server is running on port 35729
2023-02-28 13:37:14.471  INFO 18316 --- [restartedMain] o.s.b.a.e.web.EndpointLinksResolver      : Exposing 14 endpoint(s) beneath base path '/actuator'
2023-02-28 13:37:14.511  INFO 18316 --- [restartedMain] o.s.b.w.embedded.tomcat.TomcatWebServer  : Tomcat started on port(s): 8080 (http) with context path ''
2023-02-28 13:37:14.521  INFO 18316 --- [restartedMain] com.example.demo.DemoApplication         : Started DemoApplication in 3.397 seconds (JVM running for 4.42)
2023-02-28 13:55:02.363  INFO 18316 --- [http-nio-8080-exec-1] o.a.c.c.C.[Tomcat].[localhost].[/]       : Initializing Spring DispatcherServlet 'dispatcherServlet'
2023-02-28 13:55:02.364  INFO 18316 --- [http-nio-8080-exec-1] o.s.web.servlet.DispatcherServlet        : Initializing Servlet 'dispatcherServlet'
2023-02-28 13:55:02.366  INFO 18316 --- [http-nio-8080-exec-1] o.s.web.servlet.DispatcherServlet        : Completed initialization in 2 ms
2023-02-28 13:55:06.178  INFO 18316 --- [RMI TCP Connection(27)-127.0.0.1] inMXBeanRegistrar$SpringApplicationAdmin : Application shutdown requested.
2023-02-28 13:55:06.239  INFO 18316 --- [RMI TCP Connection(27)-127.0.0.1] o.apache.catalina.core.StandardService   : Stopping service [Tomcat]
2023-02-28 13:55:06.239  INFO 18316 --- [RMI TCP Connection(27)-127.0.0.1] o.a.c.c.C.[Tomcat].[localhost].[/]       : Destroying Spring FrameworkServlet 'dispatcherServlet'
2023-02-28 13:55:06.249  INFO 18316 --- [RMI TCP Connection(27)-127.0.0.1] j.LocalContainerEntityManagerFactoryBean : Closing JPA EntityManagerFactory for persistence unit 'default'
2023-02-28 13:55:06.249  INFO 18316 --- [RMI TCP Connection(27)-127.0.0.1] .SchemaDropperImpl$DelayedDropActionImpl : HHH000477: Starting delayed evictData of schema as part of SessionFactory shut-down'
2023-02-28 13:55:06.264  INFO 18316 --- [RMI TCP Connection(27)-127.0.0.1] com.zaxxer.hikari.HikariDataSource       : HikariPool-1 - Shutdown initiated...
2023-02-28 13:55:06.269  INFO 18316 --- [RMI TCP Connection(27)-127.0.0.1] com.zaxxer.hikari.HikariDataSource       : HikariPool-1 - Shutdown completed.
